<?xml version="1.0" encoding="UTF-8"?>
<!-- Generated by org.testng.reporters.JUnitReportReporter -->
<testsuite hostname="DESKTOP-P1822VN" failures="0" tests="1" name="testdata.B_DistrictCreationTest" time="7.983" errors="0" timestamp="2021-03-17T15:12:48 EET" skipped="0">
  <testcase classname="testdata.B_DistrictCreationTest" name="districtCreationTest" time="7.983"/>
  <system-out/>
</testsuite> <!-- testdata.B_DistrictCreationTest -->
