<?xml version="1.0" encoding="UTF-8"?>
<!-- Generated by org.testng.reporters.JUnitReportReporter -->
<testsuite hostname="DESKTOP-P1822VN" failures="0" tests="1" name="testdata.AdminLoginLogoutTest" time="6.059" errors="0" timestamp="2021-03-17T15:09:13 EET" skipped="0">
  <testcase classname="testdata.AdminLoginLogoutTest" name="adminLoginLogoutTest" time="6.059"/>
  <system-out/>
</testsuite> <!-- testdata.AdminLoginLogoutTest -->
