<?xml version="1.0" encoding="UTF-8"?>
<!-- Generated by org.testng.reporters.JUnitReportReporter -->
<testsuite hostname="DESKTOP-P1822VN" failures="0" tests="1" name="testdata.G_EducationSpecialistPasswordChangeTest" time="8.094" errors="0" timestamp="2021-03-17T08:59:24 EET" skipped="0">
  <testcase classname="testdata.G_EducationSpecialistPasswordChangeTest" name="g_educationSpecialistPasswordChangeTest" time="8.094"/>
  <system-out/>
</testsuite> <!-- testdata.G_EducationSpecialistPasswordChangeTest -->
