<?xml version="1.0" encoding="UTF-8"?>
<!-- Generated by org.testng.reporters.JUnitReportReporter -->
<testsuite hostname="DESKTOP-P1822VN" failures="0" tests="1" name="testdata.AdminLoginLogoutTest" time="5.341" errors="0" timestamp="2021-03-16T18:18:21 EET" skipped="0">
  <testcase classname="testdata.AdminLoginLogoutTest" name="adminLoginTest" time="5.341"/>
  <system-out/>
</testsuite> <!-- testdata.AdminLoginLogoutTest -->
