<?xml version="1.0" encoding="UTF-8"?>
<!-- Generated by org.testng.reporters.JUnitReportReporter -->
<testsuite hostname="DESKTOP-P1822VN" failures="0" tests="1" name="testdata.A_parentPrimaryInfoInputTest" time="30.301" errors="0" timestamp="2021-03-17T15:12:48 EET" skipped="0">
  <testcase classname="testdata.A_parentPrimaryInfoInputTest" name="parentPrimaryInfoInputTest" time="30.301"/>
  <system-out/>
</testsuite> <!-- testdata.A_parentPrimaryInfoInputTest -->
