<?xml version="1.0" encoding="UTF-8"?>
<!-- Generated by org.testng.reporters.JUnitReportReporter -->
<testsuite hostname="DESKTOP-P1822VN" failures="0" tests="1" name="testdata.C_AgeGroupCreationTest" time="9.202" errors="0" timestamp="2021-03-17T15:12:48 EET" skipped="0">
  <testcase classname="testdata.C_AgeGroupCreationTest" name="ageGroupCreationTest" time="9.202"/>
  <system-out/>
</testsuite> <!-- testdata.C_AgeGroupCreationTest -->
