<?xml version="1.0" encoding="UTF-8"?>
<!-- Generated by org.testng.reporters.JUnitReportReporter -->
<testsuite hostname="DESKTOP-P1822VN" failures="0" tests="1" name="testdata.F_ParentApplicationCreationTest" time="16.400" errors="0" timestamp="2021-03-17T15:12:48 EET" skipped="0">
  <testcase classname="testdata.F_ParentApplicationCreationTest" name="parentApplicationCreationTest" time="16.400"/>
  <system-out/>
</testsuite> <!-- testdata.F_ParentApplicationCreationTest -->
