<?xml version="1.0" encoding="UTF-8"?>
<!-- Generated by org.testng.reporters.JUnitReportReporter -->
<testsuite hostname="DESKTOP-P1822VN" failures="0" tests="1" name="testdata.G_EducationSpecialistPasswordChangeTest" time="33.057" errors="0" timestamp="2021-03-17T15:12:48 EET" skipped="0">
  <testcase classname="testdata.G_EducationSpecialistPasswordChangeTest" name="educationSpecialistPasswordChangeTest" time="33.057"/>
  <system-out/>
</testsuite> <!-- testdata.G_EducationSpecialistPasswordChangeTest -->
