<?xml version="1.0" encoding="UTF-8"?>
<!-- Generated by org.testng.reporters.JUnitReportReporter -->
<testsuite hostname="DESKTOP-P1822VN" failures="0" tests="1" name="testdata.EducationSpecialistLoginLogoutTest" time="8.667" errors="0" timestamp="2021-03-17T15:09:13 EET" skipped="0">
  <testcase classname="testdata.EducationSpecialistLoginLogoutTest" name="educationSpecialistCreationTest" time="8.667"/>
  <system-out/>
</testsuite> <!-- testdata.EducationSpecialistLoginLogoutTest -->
